F:\自学建立\后小白期综合测试\FINDFILE-MULTITHREAD\FINDFILEMULTITHREAD-USN\USN-JOURNAL\DEBUG\USN-JOURNAL.PCH
F:\自学建立\后小白期综合测试\FINDFILE-MULTITHREAD\FINDFILEMULTITHREAD-USN\USN-JOURNAL\DEBUG\STDAFX.OBJ
F:\自学建立\后小白期综合测试\FINDFILE-MULTITHREAD\FINDFILEMULTITHREAD-USN\USN-JOURNAL\DEBUG\VC110.PDB
F:\自学建立\后小白期综合测试\FINDFILE-MULTITHREAD\FINDFILEMULTITHREAD-USN\USN-JOURNAL\DEBUG\CDRIVEINDEX.OBJ
F:\自学建立\后小白期综合测试\FINDFILE-MULTITHREAD\FINDFILEMULTITHREAD-USN\USN-JOURNAL\DEBUG\DLLMAIN.OBJ
F:\自学建立\后小白期综合测试\FINDFILE-MULTITHREAD\FINDFILEMULTITHREAD-USN\USN-JOURNAL\DEBUG\USN-JOURNAL.OBJ
F:\自学建立\后小白期综合测试\FINDFILE-MULTITHREAD\FINDFILEMULTITHREAD-USN\DEBUG\USN-JOURNAL.ILK
F:\自学建立\后小白期综合测试\FINDFILE-MULTITHREAD\FINDFILEMULTITHREAD-USN\DEBUG\USN-JOURNAL.DLL
F:\自学建立\后小白期综合测试\FINDFILE-MULTITHREAD\FINDFILEMULTITHREAD-USN\DEBUG\USN-JOURNAL.PDB
F:\自学建立\后小白期综合测试\FindFile-MultiThread\FindFileMultiThread-USN\Debug\USN-Journal.lib
F:\自学建立\后小白期综合测试\FindFile-MultiThread\FindFileMultiThread-USN\Debug\USN-Journal.exp
F:\自学建立\后小白期综合测试\FindFile-MultiThread\FindFileMultiThread-USN\USN-Journal\Debug\CDriveIndex.obj
F:\自学建立\后小白期综合测试\FindFile-MultiThread\FindFileMultiThread-USN\USN-Journal\Debug\dllmain.obj
F:\自学建立\后小白期综合测试\FindFile-MultiThread\FindFileMultiThread-USN\USN-Journal\Debug\stdafx.obj
F:\自学建立\后小白期综合测试\FindFile-MultiThread\FindFileMultiThread-USN\USN-Journal\Debug\USN-Journal.obj
F:\自学建立\后小白期综合测试\FindFile-MultiThread\FindFileMultiThread-USN\USN-Journal\Debug\cl.command.1.tlog
F:\自学建立\后小白期综合测试\FindFile-MultiThread\FindFileMultiThread-USN\USN-Journal\Debug\CL.read.1.tlog
F:\自学建立\后小白期综合测试\FindFile-MultiThread\FindFileMultiThread-USN\USN-Journal\Debug\CL.write.1.tlog
F:\自学建立\后小白期综合测试\FindFile-MultiThread\FindFileMultiThread-USN\USN-Journal\Debug\link-cvtres.read.1.tlog
F:\自学建立\后小白期综合测试\FindFile-MultiThread\FindFileMultiThread-USN\USN-Journal\Debug\link-cvtres.write.1.tlog
F:\自学建立\后小白期综合测试\FindFile-MultiThread\FindFileMultiThread-USN\USN-Journal\Debug\link-rc.read.1.tlog
F:\自学建立\后小白期综合测试\FindFile-MultiThread\FindFileMultiThread-USN\USN-Journal\Debug\link-rc.write.1.tlog
F:\自学建立\后小白期综合测试\FindFile-MultiThread\FindFileMultiThread-USN\USN-Journal\Debug\link.command.1.tlog
F:\自学建立\后小白期综合测试\FindFile-MultiThread\FindFileMultiThread-USN\USN-Journal\Debug\link.read.1.tlog
F:\自学建立\后小白期综合测试\FindFile-MultiThread\FindFileMultiThread-USN\USN-Journal\Debug\link.write.1.tlog
F:\自学建立\后小白期综合测试\FindFile-MultiThread\FindFileMultiThread-USN\USN-Journal\Debug\USN-Journal.write.1.tlog
F:\自学建立\后小白期综合测试\FindFile-MultiThread\FindFileMultiThread-USN\USN-Journal\Debug\USN-Journal.pch
F:\自学建立\后小白期综合测试\FindFile-MultiThread\FindFileMultiThread-USN\USN-Journal\Debug\vc110.idb
F:\自学建立\后小白期综合测试\FindFile-MultiThread\FindFileMultiThread-USN\USN-Journal\Debug\vc110.pdb
F:\自学建立\后小白期综合测试\FindFile-MultiThread\FindFileMultiThread-USN\Debug\USN-Journal.pdb
F:\自学建立\后小白期综合测试\FindFile-MultiThread\FindFileMultiThread-USN\Debug\USN-Journal.dll
F:\自学建立\后小白期综合测试\FindFile-MultiThread\FindFileMultiThread-USN\Debug\USN-Journal.ilk
