F:\自学建立\后小白期综合测试\FINDFILE-MULTITHREAD\FINDFILEMULTITHREAD-USN\FINDFILEMULTITHREAD\RELEASE\FINDFILEMULTITHREAD.PCH
F:\自学建立\后小白期综合测试\FINDFILE-MULTITHREAD\FINDFILEMULTITHREAD-USN\FINDFILEMULTITHREAD\RELEASE\STDAFX.OBJ
F:\自学建立\后小白期综合测试\FINDFILE-MULTITHREAD\FINDFILEMULTITHREAD-USN\FINDFILEMULTITHREAD\RELEASE\VC110.PDB
F:\自学建立\后小白期综合测试\FINDFILE-MULTITHREAD\FINDFILEMULTITHREAD-USN\FINDFILEMULTITHREAD\RELEASE\INFODLG.OBJ
F:\自学建立\后小白期综合测试\FINDFILE-MULTITHREAD\FINDFILEMULTITHREAD-USN\FINDFILEMULTITHREAD\RELEASE\INFOAPP.OBJ
F:\自学建立\后小白期综合测试\FINDFILE-MULTITHREAD\FINDFILEMULTITHREAD-USN\FINDFILEMULTITHREAD\RELEASE\FINDFILEMULTITHREADDLG.OBJ
F:\自学建立\后小白期综合测试\FINDFILE-MULTITHREAD\FINDFILEMULTITHREAD-USN\FINDFILEMULTITHREAD\RELEASE\FINDFILEMULTITHREAD.OBJ
F:\自学建立\后小白期综合测试\FINDFILE-MULTITHREAD\FINDFILEMULTITHREAD-USN\RELEASE\FINDFILEMULTITHREAD.EXE
F:\自学建立\后小白期综合测试\FINDFILE-MULTITHREAD\FINDFILEMULTITHREAD-USN\RELEASE\FINDFILEMULTITHREAD.PDB
F:\自学建立\后小白期综合测试\FINDFILE-MULTITHREAD\FINDFILEMULTITHREAD-USN\FINDFILEMULTITHREAD\RELEASE\FINDFILEMULTITHREAD.RES
F:\自学建立\后小白期综合测试\FindFile-MultiThread\FindFileMultiThread-USN\FindFileMultiThread\Release\FindFileMultiThread.obj
F:\自学建立\后小白期综合测试\FindFile-MultiThread\FindFileMultiThread-USN\FindFileMultiThread\Release\FindFileMultiThreadDlg.obj
F:\自学建立\后小白期综合测试\FindFile-MultiThread\FindFileMultiThread-USN\FindFileMultiThread\Release\InfoApp.obj
F:\自学建立\后小白期综合测试\FindFile-MultiThread\FindFileMultiThread-USN\FindFileMultiThread\Release\InfoDlg.obj
F:\自学建立\后小白期综合测试\FindFile-MultiThread\FindFileMultiThread-USN\FindFileMultiThread\Release\stdafx.obj
F:\自学建立\后小白期综合测试\FindFile-MultiThread\FindFileMultiThread-USN\FindFileMultiThread\Release\cl.command.1.tlog
F:\自学建立\后小白期综合测试\FindFile-MultiThread\FindFileMultiThread-USN\FindFileMultiThread\Release\CL.read.1.tlog
F:\自学建立\后小白期综合测试\FindFile-MultiThread\FindFileMultiThread-USN\FindFileMultiThread\Release\CL.write.1.tlog
F:\自学建立\后小白期综合测试\FindFile-MultiThread\FindFileMultiThread-USN\FindFileMultiThread\Release\link-cvtres.read.1.tlog
F:\自学建立\后小白期综合测试\FindFile-MultiThread\FindFileMultiThread-USN\FindFileMultiThread\Release\link-cvtres.write.1.tlog
F:\自学建立\后小白期综合测试\FindFile-MultiThread\FindFileMultiThread-USN\FindFileMultiThread\Release\link-mt.read.1.tlog
F:\自学建立\后小白期综合测试\FindFile-MultiThread\FindFileMultiThread-USN\FindFileMultiThread\Release\link-mt.write.1.tlog
F:\自学建立\后小白期综合测试\FindFile-MultiThread\FindFileMultiThread-USN\FindFileMultiThread\Release\link-rc.read.1.tlog
F:\自学建立\后小白期综合测试\FindFile-MultiThread\FindFileMultiThread-USN\FindFileMultiThread\Release\link-rc.write.1.tlog
F:\自学建立\后小白期综合测试\FindFile-MultiThread\FindFileMultiThread-USN\FindFileMultiThread\Release\link.command.1.tlog
F:\自学建立\后小白期综合测试\FindFile-MultiThread\FindFileMultiThread-USN\FindFileMultiThread\Release\link.read.1.tlog
F:\自学建立\后小白期综合测试\FindFile-MultiThread\FindFileMultiThread-USN\FindFileMultiThread\Release\link.write.1.tlog
F:\自学建立\后小白期综合测试\FindFile-MultiThread\FindFileMultiThread-USN\FindFileMultiThread\Release\rc.command.1.tlog
F:\自学建立\后小白期综合测试\FindFile-MultiThread\FindFileMultiThread-USN\FindFileMultiThread\Release\rc.read.1.tlog
F:\自学建立\后小白期综合测试\FindFile-MultiThread\FindFileMultiThread-USN\FindFileMultiThread\Release\rc.write.1.tlog
F:\自学建立\后小白期综合测试\FindFile-MultiThread\FindFileMultiThread-USN\FindFileMultiThread\Release\FindFileMultiThread.res
F:\自学建立\后小白期综合测试\FindFile-MultiThread\FindFileMultiThread-USN\FindFileMultiThread\Release\FindFileMultiThread.pch
F:\自学建立\后小白期综合测试\FindFile-MultiThread\FindFileMultiThread-USN\FindFileMultiThread\Release\vc110.pdb
F:\自学建立\后小白期综合测试\FindFile-MultiThread\FindFileMultiThread-USN\Release\FindFileMultiThread.pdb
F:\自学建立\后小白期综合测试\FindFile-MultiThread\FindFileMultiThread-USN\Release\FindFileMultiThread.exe
