F:\自学建立\后小白期综合测试\FINDFILE-MULTITHREAD\FINDFILEMULTITHREAD-USN\FINDFILEMULTITHREAD\DEBUG\FINDFILEMULTITHREAD.PCH
F:\自学建立\后小白期综合测试\FINDFILE-MULTITHREAD\FINDFILEMULTITHREAD-USN\FINDFILEMULTITHREAD\DEBUG\STDAFX.OBJ
F:\自学建立\后小白期综合测试\FINDFILE-MULTITHREAD\FINDFILEMULTITHREAD-USN\FINDFILEMULTITHREAD\DEBUG\VC110.PDB
F:\自学建立\后小白期综合测试\FINDFILE-MULTITHREAD\FINDFILEMULTITHREAD-USN\FINDFILEMULTITHREAD\DEBUG\FINDFILEMULTITHREAD.OBJ
F:\自学建立\后小白期综合测试\FINDFILE-MULTITHREAD\FINDFILEMULTITHREAD-USN\FINDFILEMULTITHREAD\DEBUG\FINDFILEMULTITHREADDLG.OBJ
F:\自学建立\后小白期综合测试\FINDFILE-MULTITHREAD\FINDFILEMULTITHREAD-USN\FINDFILEMULTITHREAD\DEBUG\INFOAPP.OBJ
F:\自学建立\后小白期综合测试\FINDFILE-MULTITHREAD\FINDFILEMULTITHREAD-USN\FINDFILEMULTITHREAD\DEBUG\INFODLG.OBJ
F:\自学建立\后小白期综合测试\FINDFILE-MULTITHREAD\FINDFILEMULTITHREAD-USN\DEBUG\FINDFILEMULTITHREAD.ILK
F:\自学建立\后小白期综合测试\FINDFILE-MULTITHREAD\FINDFILEMULTITHREAD-USN\DEBUG\FINDFILEMULTITHREAD.EXE
F:\自学建立\后小白期综合测试\FINDFILE-MULTITHREAD\FINDFILEMULTITHREAD-USN\DEBUG\FINDFILEMULTITHREAD.PDB
F:\自学建立\后小白期综合测试\FINDFILE-MULTITHREAD\FINDFILEMULTITHREAD-USN\FINDFILEMULTITHREAD\DEBUG\FINDFILEMULTITHREAD.RES
F:\自学建立\后小白期综合测试\FindFile-MultiThread\FindFileMultiThread-USN\FindFileMultiThread\Debug\FindFileMultiThread.obj
F:\自学建立\后小白期综合测试\FindFile-MultiThread\FindFileMultiThread-USN\FindFileMultiThread\Debug\FindFileMultiThreadDlg.obj
F:\自学建立\后小白期综合测试\FindFile-MultiThread\FindFileMultiThread-USN\FindFileMultiThread\Debug\InfoApp.obj
F:\自学建立\后小白期综合测试\FindFile-MultiThread\FindFileMultiThread-USN\FindFileMultiThread\Debug\InfoDlg.obj
F:\自学建立\后小白期综合测试\FindFile-MultiThread\FindFileMultiThread-USN\FindFileMultiThread\Debug\stdafx.obj
F:\自学建立\后小白期综合测试\FindFile-MultiThread\FindFileMultiThread-USN\FindFileMultiThread\Debug\cl.command.1.tlog
F:\自学建立\后小白期综合测试\FindFile-MultiThread\FindFileMultiThread-USN\FindFileMultiThread\Debug\CL.read.1.tlog
F:\自学建立\后小白期综合测试\FindFile-MultiThread\FindFileMultiThread-USN\FindFileMultiThread\Debug\CL.write.1.tlog
F:\自学建立\后小白期综合测试\FindFile-MultiThread\FindFileMultiThread-USN\FindFileMultiThread\Debug\link-cvtres.read.1.tlog
F:\自学建立\后小白期综合测试\FindFile-MultiThread\FindFileMultiThread-USN\FindFileMultiThread\Debug\link-cvtres.write.1.tlog
F:\自学建立\后小白期综合测试\FindFile-MultiThread\FindFileMultiThread-USN\FindFileMultiThread\Debug\link-mt.read.1.tlog
F:\自学建立\后小白期综合测试\FindFile-MultiThread\FindFileMultiThread-USN\FindFileMultiThread\Debug\link-mt.write.1.tlog
F:\自学建立\后小白期综合测试\FindFile-MultiThread\FindFileMultiThread-USN\FindFileMultiThread\Debug\link-rc.read.1.tlog
F:\自学建立\后小白期综合测试\FindFile-MultiThread\FindFileMultiThread-USN\FindFileMultiThread\Debug\link-rc.write.1.tlog
F:\自学建立\后小白期综合测试\FindFile-MultiThread\FindFileMultiThread-USN\FindFileMultiThread\Debug\link.command.1.tlog
F:\自学建立\后小白期综合测试\FindFile-MultiThread\FindFileMultiThread-USN\FindFileMultiThread\Debug\link.read.1.tlog
F:\自学建立\后小白期综合测试\FindFile-MultiThread\FindFileMultiThread-USN\FindFileMultiThread\Debug\link.write.1.tlog
F:\自学建立\后小白期综合测试\FindFile-MultiThread\FindFileMultiThread-USN\FindFileMultiThread\Debug\rc.command.1.tlog
F:\自学建立\后小白期综合测试\FindFile-MultiThread\FindFileMultiThread-USN\FindFileMultiThread\Debug\rc.read.1.tlog
F:\自学建立\后小白期综合测试\FindFile-MultiThread\FindFileMultiThread-USN\FindFileMultiThread\Debug\rc.write.1.tlog
F:\自学建立\后小白期综合测试\FindFile-MultiThread\FindFileMultiThread-USN\FindFileMultiThread\Debug\FindFileMultiThread.res
F:\自学建立\后小白期综合测试\FindFile-MultiThread\FindFileMultiThread-USN\FindFileMultiThread\Debug\FindFileMultiThread.pch
F:\自学建立\后小白期综合测试\FindFile-MultiThread\FindFileMultiThread-USN\FindFileMultiThread\Debug\vc110.idb
F:\自学建立\后小白期综合测试\FindFile-MultiThread\FindFileMultiThread-USN\FindFileMultiThread\Debug\vc110.pdb
F:\自学建立\后小白期综合测试\FindFile-MultiThread\FindFileMultiThread-USN\Debug\FindFileMultiThread.pdb
F:\自学建立\后小白期综合测试\FindFile-MultiThread\FindFileMultiThread-USN\Debug\FindFileMultiThread.exe
F:\自学建立\后小白期综合测试\FindFile-MultiThread\FindFileMultiThread-USN\Debug\FindFileMultiThread.ilk
