F:\自学建立\后小白期综合测试\FINDFILE-MULTITHREAD\FINDFILEMULTITHREAD-USN\USN-JOURNAL\RELEASE\USN-JOURNAL.PCH
F:\自学建立\后小白期综合测试\FINDFILE-MULTITHREAD\FINDFILEMULTITHREAD-USN\USN-JOURNAL\RELEASE\STDAFX.OBJ
F:\自学建立\后小白期综合测试\FINDFILE-MULTITHREAD\FINDFILEMULTITHREAD-USN\USN-JOURNAL\RELEASE\VC110.PDB
F:\自学建立\后小白期综合测试\FINDFILE-MULTITHREAD\FINDFILEMULTITHREAD-USN\USN-JOURNAL\RELEASE\CDRIVEINDEX.OBJ
F:\自学建立\后小白期综合测试\FINDFILE-MULTITHREAD\FINDFILEMULTITHREAD-USN\USN-JOURNAL\RELEASE\DLLMAIN.OBJ
F:\自学建立\后小白期综合测试\FINDFILE-MULTITHREAD\FINDFILEMULTITHREAD-USN\USN-JOURNAL\RELEASE\USN-JOURNAL.OBJ
F:\自学建立\后小白期综合测试\FINDFILE-MULTITHREAD\FINDFILEMULTITHREAD-USN\RELEASE\USN-JOURNAL.LIB
F:\自学建立\后小白期综合测试\FindFile-MultiThread\FindFileMultiThread-USN\USN-Journal\Release\CDriveIndex.obj
F:\自学建立\后小白期综合测试\FindFile-MultiThread\FindFileMultiThread-USN\USN-Journal\Release\dllmain.obj
F:\自学建立\后小白期综合测试\FindFile-MultiThread\FindFileMultiThread-USN\USN-Journal\Release\stdafx.obj
F:\自学建立\后小白期综合测试\FindFile-MultiThread\FindFileMultiThread-USN\USN-Journal\Release\USN-Journal.obj
F:\自学建立\后小白期综合测试\FindFile-MultiThread\FindFileMultiThread-USN\USN-Journal\Release\cl.command.1.tlog
F:\自学建立\后小白期综合测试\FindFile-MultiThread\FindFileMultiThread-USN\USN-Journal\Release\CL.read.1.tlog
F:\自学建立\后小白期综合测试\FindFile-MultiThread\FindFileMultiThread-USN\USN-Journal\Release\CL.write.1.tlog
F:\自学建立\后小白期综合测试\FindFile-MultiThread\FindFileMultiThread-USN\USN-Journal\Release\Lib-link.read.1.tlog
F:\自学建立\后小白期综合测试\FindFile-MultiThread\FindFileMultiThread-USN\USN-Journal\Release\Lib-link.write.1.tlog
F:\自学建立\后小白期综合测试\FindFile-MultiThread\FindFileMultiThread-USN\USN-Journal\Release\lib.command.1.tlog
F:\自学建立\后小白期综合测试\FindFile-MultiThread\FindFileMultiThread-USN\USN-Journal\Release\USN-Journal.pch
F:\自学建立\后小白期综合测试\FindFile-MultiThread\FindFileMultiThread-USN\USN-Journal\Release\vc110.pdb
F:\自学建立\后小白期综合测试\FindFile-MultiThread\FindFileMultiThread-USN\Release\USN-Journal.lib
